[handleMsg]:  {
  key: {
    remoteJid: '51986036791@s.whatsapp.net',
    fromMe: false,
    id: 'E735B7A0057BE2252CCEB48BD2A40D35',
    participant: undefined
  },
  messageTimestamp: 1717440572,
  pushName: 'Marco',
  broadcast: false,
  message: Message {
    conversation: 'Hola',
    messageContextInfo: MessageContextInfo {
      deviceListMetadata: [DeviceListMetadata],
      deviceListMetadataVersion: 2
    }
  },
  body: 'Hola',
  from: '51986036791'
}
[QUEUE_SE_ENVIO]:  {
  ref: 'ans_53ae04d7-f3e7-4a76-8aa5-31c37549bbeb',
  keyword: 'key_710f6dc0-b955-46a9-bd66-084af56322d3',
  answer: 'Bienvenido a este chatbot!',
  options: {
    media: null,
    buttons: [],
    capture: false,
    child: null,
    delay: 0,
    idle: null,
    ref: null,
    nested: [ [Object], [Object], [Object] ],
    keyword: {},
    callback: true
  },
  refSerialize: '98af546e520a7e624c1a2fcd29ac0df5'
}
[handleMsg]:  {
  key: {
    remoteJid: '51986036791@s.whatsapp.net',
    fromMe: false,
    id: '3B69960DD01BED32E4FB5817A7BAC5B8',
    participant: undefined
  },
  messageTimestamp: 1717440640,
  pushName: 'Marco',
  broadcast: false,
  message: Message {
    conversation: 'Hola que tal quisiera saber que tipos de acciones puedo realizar',
    messageContextInfo: MessageContextInfo {
      deviceListMetadata: [DeviceListMetadata],
      deviceListMetadataVersion: 2
    }
  },
  body: 'Hola que tal quisiera saber que tipos de acciones puedo realizar',
  from: '51986036791'
}
[handleMsg]:  {
  key: {
    remoteJid: '51986036791@s.whatsapp.net',
    fromMe: false,
    id: '0FEF4229F63C128E1045813376808FEE',
    participant: undefined
  },
  messageTimestamp: 1717440668,
  pushName: 'Marco',
  broadcast: false,
  message: Message {
    conversation: 'Vale, entonces quiero un reporte de productos',
    messageContextInfo: MessageContextInfo {
      deviceListMetadata: [DeviceListMetadata],
      deviceListMetadataVersion: 2
    }
  },
  body: 'Vale, entonces quiero un reporte de productos',
  from: '51986036791'
}
[QUEUE_SE_ENVIO]:  {
  ref: 'ans_864607d2-5e58-48d2-b0d0-a8d24396d061',
  keyword: 'key_1dd23a0d-841f-4c39-9ca2-0b27b555a592',
  answer: 'Que reporte te interesa?\n' +
    'a continuación te envio los tipos de reportes: (Marque 1 o 2)\n' +
    '1. Reporte producto \n' +
    '2. Reporte stock',
  options: {
    media: null,
    buttons: [],
    capture: false,
    child: null,
    delay: 0,
    idle: null,
    ref: null,
    nested: [],
    keyword: {},
    callback: false
  },
  refSerialize: '49670f9965962fc9105ee1aec0fa126c'
}
[QUEUE_SE_ENVIO]:  {
  ref: 'ans_3b67f043-80c8-4664-bb58-c2700124b31b',
  keyword: 'ans_864607d2-5e58-48d2-b0d0-a8d24396d061',
  answer: '__capture_only_intended__',
  options: {
    media: null,
    buttons: [],
    capture: true,
    child: null,
    delay: 0,
    idle: 5000,
    ref: null,
    nested: [],
    keyword: {},
    callback: true
  },
  refSerialize: 'ddbdf65082b0078682cd6251e4814d1e'
}
